\BOOKMARK [0][-]{chapter.1}{Abstract}{}% 1
\BOOKMARK [0][-]{chapter.2}{Indledning}{}% 2
\BOOKMARK [0][-]{chapter.3}{Opgaveformulering}{}% 3
\BOOKMARK [0][-]{chapter.4}{Systembeskrivelse}{}% 4
\BOOKMARK [0][-]{chapter.5}{Kravspecifikation}{}% 5
\BOOKMARK [0][-]{chapter.6}{Afgr\346nsning}{}% 6
\BOOKMARK [0][-]{chapter.7}{Projektbeskrivelse}{}% 7
\BOOKMARK [1][-]{section.7.1}{Projektgennemf\370relse}{chapter.7}% 8
\BOOKMARK [1][-]{section.7.2}{Metoder}{chapter.7}% 9
\BOOKMARK [1][-]{section.7.3}{Analyse}{chapter.7}% 10
\BOOKMARK [0][-]{chapter.8}{Systemarkitektur}{}% 11
\BOOKMARK [1][-]{section.8.1}{Systemarkitektur}{chapter.8}% 12
\BOOKMARK [2][-]{subsection.8.1.1}{Form\345l}{section.8.1}% 13
\BOOKMARK [1][-]{section.8.2}{Design og Implementering}{chapter.8}% 14
\BOOKMARK [1][-]{section.8.3}{Resultater}{chapter.8}% 15
\BOOKMARK [1][-]{section.8.4}{Opn\345ede erfaringer}{chapter.8}% 16
\BOOKMARK [0][-]{chapter.9}{Konklusion}{}% 17
\BOOKMARK [0][-]{chapter.10}{Referencer}{}% 18
\BOOKMARK [1][-]{section.10.1}{Artefakter}{chapter.10}% 19
\BOOKMARK [2][-]{subsection.10.1.1}{Kravspecifikation}{section.10.1}% 20
\BOOKMARK [2][-]{subsection.10.1.2}{Accepttestspecifikation}{section.10.1}% 21
\BOOKMARK [2][-]{subsection.10.1.3}{Systemarkitektur}{section.10.1}% 22
\BOOKMARK [2][-]{subsection.10.1.4}{Integrationstestspecifikation}{section.10.1}% 23
\BOOKMARK [2][-]{subsection.10.1.5}{Detaljeret design}{section.10.1}% 24
\BOOKMARK [2][-]{subsection.10.1.6}{Enhedstestspecifikation}{section.10.1}% 25
\BOOKMARK [1][-]{section.10.2}{Hjemmesider}{chapter.10}% 26
\BOOKMARK [1][-]{section.10.3}{Liste over bilag p\345 CD}{chapter.10}% 27
\BOOKMARK [2][-]{subsection.10.3.1}{Kode}{section.10.3}% 28
\BOOKMARK [2][-]{subsection.10.3.2}{Dokumentation}{section.10.3}% 29
\BOOKMARK [2][-]{subsection.10.3.3}{Datablade}{section.10.3}% 30
\BOOKMARK [2][-]{subsection.10.3.4}{Billeder}{section.10.3}% 31
