\BOOKMARK [0][-]{chapter.1}{Abstract}{}% 1
\BOOKMARK [0][-]{chapter.2}{Indledning}{}% 2
\BOOKMARK [0][-]{chapter.3}{Opgaveformulering}{}% 3
\BOOKMARK [0][-]{chapter.4}{Systembeskrivelse}{}% 4
\BOOKMARK [0][-]{chapter.5}{Kravspecifikation}{}% 5
\BOOKMARK [0][-]{chapter.6}{Afgr\346nsning}{}% 6
\BOOKMARK [0][-]{chapter.7}{Projektbeskrivelse}{}% 7
\BOOKMARK [1][-]{section.7.1}{Projektgennemf\370relse}{chapter.7}% 8
\BOOKMARK [1][-]{section.7.2}{Metoder}{chapter.7}% 9
\BOOKMARK [1][-]{section.7.3}{Analyse}{chapter.7}% 10
\BOOKMARK [1][-]{section.7.4}{Systemarkitektur}{chapter.7}% 11
\BOOKMARK [1][-]{section.7.5}{Design og Implementering}{chapter.7}% 12
\BOOKMARK [1][-]{section.7.6}{Resultater}{chapter.7}% 13
\BOOKMARK [1][-]{section.7.7}{Opn\345ede erfaringer}{chapter.7}% 14
\BOOKMARK [0][-]{chapter.8}{Konklusion}{}% 15
\BOOKMARK [0][-]{chapter.9}{Referencer}{}% 16
\BOOKMARK [1][-]{section.9.1}{Artefakter}{chapter.9}% 17
\BOOKMARK [2][-]{subsection.9.1.1}{Kravspecifikation}{section.9.1}% 18
\BOOKMARK [2][-]{subsection.9.1.2}{Accepttestspecifikation}{section.9.1}% 19
\BOOKMARK [2][-]{subsection.9.1.3}{Systemarkitektur}{section.9.1}% 20
\BOOKMARK [2][-]{subsection.9.1.4}{Integrationstestspecifikation}{section.9.1}% 21
\BOOKMARK [2][-]{subsection.9.1.5}{Detaljeret design}{section.9.1}% 22
\BOOKMARK [2][-]{subsection.9.1.6}{Enhedstestspecifikation}{section.9.1}% 23
\BOOKMARK [1][-]{section.9.2}{Hjemmesider}{chapter.9}% 24
\BOOKMARK [1][-]{section.9.3}{Liste over bilag p\345 CD}{chapter.9}% 25
\BOOKMARK [2][-]{subsection.9.3.1}{Kode}{section.9.3}% 26
\BOOKMARK [2][-]{subsection.9.3.2}{Dokumentation}{section.9.3}% 27
\BOOKMARK [2][-]{subsection.9.3.3}{Datablade}{section.9.3}% 28
\BOOKMARK [2][-]{subsection.9.3.4}{Billeder}{section.9.3}% 29
