This is pdfTeX, Version 3.1415926-2.4-1.40.13 (TeX Live 2012) (format=pdflatex 2012.6.30)  10 DEC 2012 10:52
entering extended mode
 restricted \write18 enabled.
 %&-line parsing enabled.
**1_forside.tex
(./1_forside.tex
LaTeX2e <2011/06/27>
Babel <v3.8m> and hyphenation patterns for english, dumylang, nohyphenation, ge
rman-x-2012-05-30, ngerman-x-2012-05-30, afrikaans, ancientgreek, ibycus, arabi
c, armenian, basque, bulgarian, catalan, pinyin, coptic, croatian, czech, danis
h, dutch, ukenglish, usenglishmax, esperanto, estonian, ethiopic, farsi, finnis
h, french, friulan, galician, german, ngerman, swissgerman, monogreek, greek, h
ungarian, icelandic, assamese, bengali, gujarati, hindi, kannada, malayalam, ma
rathi, oriya, panjabi, tamil, telugu, indonesian, interlingua, irish, italian, 
kurmanji, latin, latvian, lithuanian, mongolian, mongolianlmc, bokmal, nynorsk,
 polish, portuguese, romanian, romansh, russian, sanskrit, serbian, serbianc, s
lovak, slovenian, spanish, swedish, turkish, turkmen, ukrainian, uppersorbian, 
welsh, loaded.

! LaTeX Error: Missing \begin{document}.

See the LaTeX manual or LaTeX Companion for explanation.
Type  H <return>  for immediate help.
 ...                                              
                                                  
l.3 \begin{center}
                   % Center everything on the page
You're in trouble here.  Try typing  <return>  to proceed.
If that doesn't work, type  X <return>  to quit.


Overfull \hbox (20.0pt too wide) in paragraph at lines 3--3
[] 
 []

! Undefined control sequence.
<recently read> \LARGE 
                       
l.9 \textsc{\LARGE Ingeni√∏rh√∏jskolen √Örhus}
                                              \\[1.5cm] % Name of your unive...
The control sequence at the end of the top line
of your error message was never \def'ed. If you have
misspelled it (e.g., `\hobx'), type `I' and the correct
spelling (e.g., `I\hbox'). Otherwise just continue,
and I'll forget about whatever was undefined.

Missing character: There is no √ in font cmcsc10!
Missing character: There is no ∏ in font cmcsc10!
Missing character: There is no √ in font cmcsc10!
Missing character: There is no ∏ in font cmcsc10!
Missing character: There is no √ in font cmcsc10!
Missing character: There is no Ö in font cmcsc10!

Overfull \hbox (81.64404pt too wide) in paragraph at lines 9--9
 \OT1/cmr/m/sc/10 Ingenirhjskolen 
 []


Overfull \hbox (22.8666pt too wide) in paragraph at lines 9--9
 \OT1/cmr/m/sc/10 rhus 
 []

! Undefined control sequence.
<recently read> \Large 
                       
l.10 \textsc{\Large Elektro-Ingeni√∏r linien}
                                             \\[0.5cm] % Major heading such ...
The control sequence at the end of the top line
of your error message was never \def'ed. If you have
misspelled it (e.g., `\hobx'), type `I' and the correct
spelling (e.g., `I\hbox'). Otherwise just continue,
and I'll forget about whatever was undefined.

Missing character: There is no √ in font cmcsc10!
Missing character: There is no ∏ in font cmcsc10!

Overfull \hbox (46.32747pt too wide) in paragraph at lines 10--10
 []\OT1/cmr/m/sc/10 Elektro- 
 []


Overfull \hbox (37.35535pt too wide) in paragraph at lines 10--10
 \OT1/cmr/m/sc/10 Ingenir 
 []


Overfull \hbox (18.06656pt too wide) in paragraph at lines 10--10
 \OT1/cmr/m/sc/10 lin- 
 []


Overfull \hbox (14.73326pt too wide) in paragraph at lines 10--10
 \OT1/cmr/m/sc/10 ien 
 []

! Undefined control sequence.
<recently read> \large 
                       
l.11 \textsc{\large Semesterprojekt E4PRJ4}
                                           \\[0.5cm] % Minor heading such as...
The control sequence at the end of the top line
of your error message was never \def'ed. If you have
misspelled it (e.g., `\hobx'), type `I' and the correct
spelling (e.g., `I\hbox'). Otherwise just continue,
and I'll forget about whatever was undefined.


Overfull \hbox (86.64395pt too wide) in paragraph at lines 11--11
 []\OT1/cmr/m/sc/10 Semesterprojekt 
 []


Overfull \hbox (39.55513pt too wide) in paragraph at lines 11--11
 \OT1/cmr/m/sc/10 E4PRJ4 
 []

! Undefined control sequence.
l.18 { \huge
             \bfseries Bias Reducing Operating System}\\[0.4cm] % Title of y...
The control sequence at the end of the top line
of your error message was never \def'ed. If you have
misspelled it (e.g., `\hobx'), type `I' and the correct
spelling (e.g., `I\hbox'). Otherwise just continue,
and I'll forget about whatever was undefined.


Overfull \hbox (21.50124pt too wide) in paragraph at lines 18--18
 []\OT1/cmr/bx/n/10 Bias 
 []


Overfull \hbox (17.72908pt too wide) in paragraph at lines 18--18
 \OT1/cmr/bx/n/10 Re- 
 []


Overfull \hbox (21.7221pt too wide) in paragraph at lines 18--18
 \OT1/cmr/bx/n/10 duc- 
 []


Overfull \hbox (15.33325pt too wide) in paragraph at lines 18--18
 \OT1/cmr/bx/n/10 ing 
 []


Overfull \hbox (18.86101pt too wide) in paragraph at lines 18--18
 \OT1/cmr/bx/n/10 Op- 
 []


Overfull \hbox (13.84023pt too wide) in paragraph at lines 18--18
 \OT1/cmr/bx/n/10 er- 
 []


Overfull \hbox (13.89574pt too wide) in paragraph at lines 18--18
 \OT1/cmr/bx/n/10 at- 
 []


Overfull \hbox (15.33325pt too wide) in paragraph at lines 18--18
 \OT1/cmr/bx/n/10 ing 
 []


Overfull \hbox (20.82765pt too wide) in paragraph at lines 18--18
 \OT1/cmr/bx/n/10 Sys- 
 []


Overfull \hbox (19.3263pt too wide) in paragraph at lines 18--18
 \OT1/cmr/bx/n/10 tem 
 []

! Undefined control sequence.
l.25 \Large
            \emph{Skrevet af:}\\
The control sequence at the end of the top line
of your error message was never \def'ed. If you have
misspelled it (e.g., `\hobx'), type `I' and the correct
spelling (e.g., `I\hbox'). Otherwise just continue,
and I'll forget about whatever was undefined.


Overfull \hbox (31.04973pt too wide) in paragraph at lines 25--25
 []\OT1/cmr/m/it/10 Skrevet 
 []


Overfull \hbox (11.82632pt too wide) in paragraph at lines 25--25
 \OT1/cmr/m/it/10 af: 
 []

Missing character: There is no K in font nullfont!
Missing character: There is no a in font nullfont!
Missing character: There is no t in font nullfont!
Missing character: There is no e in font nullfont!
Missing character: There is no g in font nullfont!
Missing character: There is no o in font nullfont!
Missing character: There is no r in font nullfont!
Missing character: There is no i in font nullfont!
Missing character: There is no n in font nullfont!
Missing character: There is no a in font nullfont!
Missing character: There is no 1 in font nullfont!
Missing character: There is no 1 in font nullfont!
Missing character: There is no 1 in font nullfont!
Missing character: There is no 0 in font nullfont!
Missing character: There is no 2 in font nullfont!

Overfull \hbox (26.02486pt too wide) in paragraph at lines 26--26
 \OT1/cmr/m/sc/10 Glud 
 []


Overfull \hbox (17.88876pt too wide) in paragraph at lines 26--26
 \OT1/cmr/m/it/10 Stu- 
 []


Overfull \hbox (11.75548pt too wide) in paragraph at lines 26--26
 \OT1/cmr/m/it/10 di- 
 []


Overfull \hbox (27.34427pt too wide) in paragraph at lines 26--26
 \OT1/cmr/m/it/10 enum- 
 []


Overfull \hbox (20.64291pt too wide) in paragraph at lines 26--26
 \OT1/cmr/m/it/10 mer: 
 []

Missing character: There is no J in font nullfont!
Missing character: There is no o in font nullfont!
Missing character: There is no h in font nullfont!
Missing character: There is no n in font nullfont!
Missing character: There is no n in font nullfont!
Missing character: There is no y in font nullfont!
Missing character: There is no 1 in font nullfont!
Missing character: There is no 0 in font nullfont!
Missing character: There is no 7 in font nullfont!
Missing character: There is no 3 in font nullfont!
Missing character: There is no 4 in font nullfont!

Overfull \hbox (25.83038pt too wide) in paragraph at lines 27--27
 \OT1/cmr/m/sc/10 Kris- 
 []


Overfull \hbox (33.91095pt too wide) in paragraph at lines 27--27
 \OT1/cmr/m/sc/10 tensen 
 []


Overfull \hbox (17.88876pt too wide) in paragraph at lines 27--27
 \OT1/cmr/m/it/10 Stu- 
 []


Overfull \hbox (11.75548pt too wide) in paragraph at lines 27--27
 \OT1/cmr/m/it/10 di- 
 []


Overfull \hbox (27.34427pt too wide) in paragraph at lines 27--27
 \OT1/cmr/m/it/10 enum- 
 []


Overfull \hbox (20.64291pt too wide) in paragraph at lines 27--27
 \OT1/cmr/m/it/10 mer: 
 []

Missing character: There is no R in font nullfont!
Missing character: There is no a in font nullfont!
Missing character: There is no s in font nullfont!
Missing character: There is no m in font nullfont!
Missing character: There is no u in font nullfont!
Missing character: There is no s in font nullfont!
Missing character: There is no 1 in font nullfont!
Missing character: There is no 1 in font nullfont!
Missing character: There is no 1 in font nullfont!
Missing character: There is no 1 in font nullfont!
Missing character: There is no 1 in font nullfont!

Overfull \hbox (29.12207pt too wide) in paragraph at lines 28--28
 \OT1/cmr/m/sc/10 Lund- 
 []


Overfull \hbox (33.66647pt too wide) in paragraph at lines 28--28
 \OT1/cmr/m/sc/10 Jensen 
 []


Overfull \hbox (17.88876pt too wide) in paragraph at lines 28--28
 \OT1/cmr/m/it/10 Stu- 
 []


Overfull \hbox (11.75548pt too wide) in paragraph at lines 28--28
 \OT1/cmr/m/it/10 di- 
 []


Overfull \hbox (27.34427pt too wide) in paragraph at lines 28--28
 \OT1/cmr/m/it/10 enum- 
 []


Overfull \hbox (20.64291pt too wide) in paragraph at lines 28--28
 \OT1/cmr/m/it/10 mer: 
 []

Missing character: There is no M in font nullfont!
Missing character: There is no i in font nullfont!
Missing character: There is no c in font nullfont!
Missing character: There is no k in font nullfont!
Missing character: There is no 1 in font nullfont!
Missing character: There is no 1 in font nullfont!
Missing character: There is no 0 in font nullfont!
Missing character: There is no 6 in font nullfont!
Missing character: There is no 5 in font nullfont!

Overfull \hbox (23.40538pt too wide) in paragraph at lines 29--29
 \OT1/cmr/m/sc/10 Hol- 
 []


Overfull \hbox (25.97768pt too wide) in paragraph at lines 29--29
 \OT1/cmr/m/sc/10 mark 
 []


Overfull \hbox (17.88876pt too wide) in paragraph at lines 29--29
 \OT1/cmr/m/it/10 Stu- 
 []


Overfull \hbox (11.75548pt too wide) in paragraph at lines 29--29
 \OT1/cmr/m/it/10 di- 
 []


Overfull \hbox (27.34427pt too wide) in paragraph at lines 29--29
 \OT1/cmr/m/it/10 enum- 
 []


Overfull \hbox (20.64291pt too wide) in paragraph at lines 29--29
 \OT1/cmr/m/it/10 mer: 
 []

Missing character: There is no J in font nullfont!
Missing character: There is no a in font nullfont!
Missing character: There is no c in font nullfont!
Missing character: There is no o in font nullfont!
Missing character: There is no b in font nullfont!
Missing character: There is no 1 in font nullfont!
Missing character: There is no 0 in font nullfont!
Missing character: There is no 0 in font nullfont!
Missing character: There is no 9 in font nullfont!
Missing character: There is no 5 in font nullfont!

Overfull \hbox (23.41927pt too wide) in paragraph at lines 30--30
 \OT1/cmr/m/sc/10 Roe- 
 []


Overfull \hbox (16.28882pt too wide) in paragraph at lines 30--30
 \OT1/cmr/m/sc/10 sen 
 []


Overfull \hbox (17.88876pt too wide) in paragraph at lines 30--30
 \OT1/cmr/m/it/10 Stu- 
 []


Overfull \hbox (11.75548pt too wide) in paragraph at lines 30--30
 \OT1/cmr/m/it/10 di- 
 []


Overfull \hbox (27.34427pt too wide) in paragraph at lines 30--30
 \OT1/cmr/m/it/10 enum- 
 []


Overfull \hbox (20.64291pt too wide) in paragraph at lines 30--30
 \OT1/cmr/m/it/10 mer: 
 []

! Undefined control sequence.
l.36 \Large
            \emph{Vejleder:}\hfill\phantom{m}\\
The control sequence at the end of the top line
of your error message was never \def'ed. If you have
misspelled it (e.g., `\hobx'), type `I' and the correct
spelling (e.g., `I\hbox'). Otherwise just continue,
and I'll forget about whatever was undefined.

Missing character: There is no m in font nullfont!

Overfull \hbox (37.97194pt too wide) in paragraph at lines 36--36
 []\OT1/cmr/m/it/10 Vejleder: 
 []

Missing character: There is no C in font nullfont!
Missing character: There is no a in font nullfont!
Missing character: There is no r in font nullfont!
Missing character: There is no l in font nullfont!
Missing character: There is no J in font nullfont!
Missing character: There is no a in font nullfont!
Missing character: There is no k in font nullfont!
Missing character: There is no o in font nullfont!
Missing character: There is no b in font nullfont!
Missing character: There is no s in font nullfont!
Missing character: There is no e in font nullfont!
Missing character: There is no n in font nullfont!
Missing character: There is no m in font nullfont!
! Undefined control sequence.
l.42 \includegraphics
                     [scale=2]{billeder/iha-logo}\\ % Include a department/u...
The control sequence at the end of the top line
of your error message was never \def'ed. If you have
misspelled it (e.g., `\hobx'), type `I' and the correct
spelling (e.g., `I\hbox'). Otherwise just continue,
and I'll forget about whatever was undefined.

Missing character: There is no [ in font nullfont!
Missing character: There is no s in font nullfont!
Missing character: There is no c in font nullfont!
Missing character: There is no a in font nullfont!
Missing character: There is no l in font nullfont!
Missing character: There is no e in font nullfont!
Missing character: There is no = in font nullfont!
Missing character: There is no 2 in font nullfont!
Missing character: There is no ] in font nullfont!
Missing character: There is no b in font nullfont!
Missing character: There is no i in font nullfont!
Missing character: There is no l in font nullfont!
Missing character: There is no l in font nullfont!
Missing character: There is no e in font nullfont!
Missing character: There is no d in font nullfont!
Missing character: There is no e in font nullfont!
Missing character: There is no r in font nullfont!
Missing character: There is no / in font nullfont!
Missing character: There is no i in font nullfont!
Missing character: There is no h in font nullfont!
Missing character: There is no a in font nullfont!
Missing character: There is no - in font nullfont!
Missing character: There is no l in font nullfont!
Missing character: There is no o in font nullfont!
Missing character: There is no g in font nullfont!
Missing character: There is no o in font nullfont!
! Undefined control sequence.
l.48 {\large
             \today}\\[3cm] % Date, change the \today to a set date if you w...
The control sequence at the end of the top line
of your error message was never \def'ed. If you have
misspelled it (e.g., `\hobx'), type `I' and the correct
spelling (e.g., `I\hbox'). Otherwise just continue,
and I'll forget about whatever was undefined.

! Undefined control sequence.
l.48 {\large \today
                   }\\[3cm] % Date, change the \today to a set date if you w...
The control sequence at the end of the top line
of your error message was never \def'ed. If you have
misspelled it (e.g., `\hobx'), type `I' and the correct
spelling (e.g., `I\hbox'). Otherwise just continue,
and I'll forget about whatever was undefined.


! LaTeX Error: There's no line here to end.

See the LaTeX manual or LaTeX Companion for explanation.
Type  H <return>  for immediate help.
 ...                                              
                                                  
l.48 {\large \today}\\
                      [3cm] % Date, change the \today to a set date if you w...

Your command was ignored.
Type  I <command> <return>  to replace it with another command,
or  <return>  to continue without it.

)
! Emergency stop.
<*> 1_forside.tex
                 
*** (job aborted, no legal \end found)

 
Here is how much of TeX's memory you used:
 16 strings out of 493488
 222 string characters out of 3141326
 51432 words of memory out of 3000000
 3420 multiletter control sequences out of 15000+200000
 4595 words of font info for 17 fonts, out of 3000000 for 9000
 957 hyphenation exceptions out of 8191
 14i,1n,10p,142b,115s stack positions out of 5000i,500n,10000p,200000b,50000s
!  ==> Fatal error occurred, no output PDF file produced!
